TN:
SF:index.js
FN:12,run
FN:21,setupBazel
FN:47,restoreExternalCaches
FN:64,(anonymous_3)
FN:75,restoreCache
FN:81,(anonymous_5)
FN:112,setupBazelisk
FN:128,downloadBazelisk
FN:161,(anonymous_8)
FN:162,(anonymous_9)
FN:167,(anonymous_10)
FN:184,setupBazelrc
FN:194,loadExternalStickyDisks
FN:214,(anonymous_13)
FN:228,loadStickyDisk
FN:234,(anonymous_15)
FN:247,(anonymous_16)
FNF:17
FNH:7
FNDA:1,run
FNDA:1,setupBazel
FNDA:0,restoreExternalCaches
FNDA:0,(anonymous_3)
FNDA:0,restoreCache
FNDA:0,(anonymous_5)
FNDA:1,setupBazelisk
FNDA:0,downloadBazelisk
FNDA:0,(anonymous_8)
FNDA:0,(anonymous_9)
FNDA:0,(anonymous_10)
FNDA:1,setupBazelrc
FNDA:0,loadExternalStickyDisks
FNDA:0,(anonymous_13)
FNDA:10,loadStickyDisk
FNDA:9,(anonymous_15)
FNDA:9,(anonymous_16)
DA:1,1
DA:2,1
DA:3,1
DA:4,1
DA:5,1
DA:6,1
DA:7,1
DA:8,1
DA:9,1
DA:10,1
DA:13,1
DA:14,1
DA:16,1
DA:17,1
DA:22,1
DA:23,1
DA:24,1
DA:26,1
DA:27,1
DA:29,1
DA:30,0
DA:31,0
DA:32,0
DA:33,0
DA:35,0
DA:42,0
DA:44,0
DA:48,0
DA:49,0
DA:53,0
DA:54,0
DA:62,0
DA:63,0
DA:64,0
DA:65,0
DA:76,0
DA:77,0
DA:80,0
DA:81,0
DA:82,0
DA:84,0
DA:85,0
DA:86,0
DA:87,0
DA:88,0
DA:90,0
DA:92,0
DA:97,0
DA:98,0
DA:100,0
DA:101,0
DA:104,0
DA:107,0
DA:113,1
DA:114,0
DA:117,1
DA:118,1
DA:119,0
DA:120,0
DA:122,0
DA:124,0
DA:125,0
DA:129,0
DA:130,0
DA:134,0
DA:135,0
DA:136,0
DA:141,0
DA:142,0
DA:143,0
DA:146,0
DA:147,0
DA:148,0
DA:151,0
DA:152,0
DA:155,0
DA:161,0
DA:162,0
DA:163,0
DA:164,0
DA:167,0
DA:168,0
DA:169,0
DA:172,0
DA:173,0
DA:174,0
DA:176,0
DA:177,0
DA:178,0
DA:179,0
DA:181,0
DA:185,1
DA:186,1
DA:190,1
DA:195,0
DA:196,0
DA:200,0
DA:201,0
DA:208,0
DA:211,0
DA:212,0
DA:213,0
DA:214,0
DA:215,0
DA:221,0
DA:225,0
DA:229,10
DA:230,1
DA:233,9
DA:234,9
DA:235,9
DA:237,9
DA:238,9
DA:239,9
DA:240,9
DA:241,9
DA:243,9
DA:244,9
DA:247,9
DA:248,9
DA:250,9
DA:256,9
DA:258,9
DA:264,9
DA:266,9
DA:271,0
DA:272,0
DA:277,9
DA:278,9
DA:279,9
DA:283,9
DA:285,0
DA:288,9
DA:289,9
DA:292,9
DA:295,1
DA:297,1
LF:137
LH:54
BRDA:48,0,0,0
BRDA:48,0,1,0
BRDA:62,1,0,0
BRDA:62,1,1,0
BRDA:66,2,0,0
BRDA:66,2,1,0
BRDA:67,3,0,0
BRDA:67,3,1,0
BRDA:76,4,0,0
BRDA:76,4,1,0
BRDA:97,5,0,0
BRDA:97,5,1,0
BRDA:100,6,0,0
BRDA:100,6,1,0
BRDA:113,7,0,0
BRDA:113,7,1,1
BRDA:119,8,0,0
BRDA:119,8,1,0
BRDA:135,9,0,0
BRDA:135,9,1,0
BRDA:142,10,0,0
BRDA:142,10,1,0
BRDA:147,11,0,0
BRDA:147,11,1,0
BRDA:163,12,0,0
BRDA:163,12,1,0
BRDA:168,13,0,0
BRDA:168,13,1,0
BRDA:195,14,0,0
BRDA:195,14,1,0
BRDA:211,15,0,0
BRDA:211,15,1,0
BRDA:216,16,0,0
BRDA:216,16,1,0
BRDA:217,17,0,0
BRDA:217,17,1,0
BRDA:229,18,0,1
BRDA:229,18,1,9
BRDA:278,19,0,9
BRDA:278,19,1,0
BRF:40
BRH:4
end_of_record
TN:
SF:stickydisk.js
FN:15,getStickyDisk
FN:42,maybeFormatBlockDevice
FN:88,mountStickyDisk
FN:89,(anonymous_3)
FN:111,commitStickydisk
FN:136,cleanupStickyDiskWithoutCommit
FN:161,unmountAndCommitStickyDisk
FN:187,(anonymous_7)
FNF:8
FNH:0
FNDA:0,getStickyDisk
FNDA:0,maybeFormatBlockDevice
FNDA:0,mountStickyDisk
FNDA:0,(anonymous_3)
FNDA:0,commitStickydisk
FNDA:0,cleanupStickyDiskWithoutCommit
FNDA:0,unmountAndCommitStickyDisk
FNDA:0,(anonymous_7)
DA:1,0
DA:2,0
DA:3,0
DA:4,0
DA:6,0
DA:16,0
DA:18,0
DA:19,0
DA:31,0
DA:43,0
DA:45,0
DA:47,0
DA:48,0
DA:49,0
DA:50,0
DA:53,0
DA:54,0
DA:56,0
DA:58,0
DA:62,0
DA:66,0
DA:71,0
DA:72,0
DA:73,0
DA:75,0
DA:76,0
DA:89,0
DA:90,0
DA:91,0
DA:92,0
DA:93,0
DA:95,0
DA:99,0
DA:102,0
DA:105,0
DA:107,0
DA:108,0
DA:112,0
DA:113,0
DA:114,0
DA:115,0
DA:118,0
DA:119,0
DA:120,0
DA:130,0
DA:132,0
DA:137,0
DA:138,0
DA:139,0
DA:140,0
DA:143,0
DA:144,0
DA:145,0
DA:156,0
DA:162,0
DA:164,0
DA:165,0
DA:166,0
DA:167,0
DA:168,0
DA:172,0
DA:173,0
DA:177,0
DA:178,0
DA:179,0
DA:180,0
DA:181,0
DA:183,0
DA:184,0
DA:186,0
DA:187,0
DA:191,0
DA:192,0
DA:193,0
DA:195,0
DA:198,0
DA:199,0
DA:204,0
LF:78
LH:0
BRDA:15,0,0,0
BRDA:21,1,0,0
BRDA:21,1,1,0
BRDA:22,2,0,0
BRDA:22,2,1,0
BRDA:23,3,0,0
BRDA:23,3,1,0
BRDA:26,4,0,0
BRDA:26,4,1,0
BRDA:48,5,0,0
BRDA:48,5,1,0
BRDA:113,6,0,0
BRDA:113,6,1,0
BRDA:113,7,0,0
BRDA:113,7,1,0
BRDA:123,8,0,0
BRDA:123,8,1,0
BRDA:125,9,0,0
BRDA:125,9,1,0
BRDA:126,10,0,0
BRDA:126,10,1,0
BRDA:132,11,0,0
BRDA:132,11,1,0
BRDA:138,12,0,0
BRDA:138,12,1,0
BRDA:138,13,0,0
BRDA:138,13,1,0
BRDA:148,14,0,0
BRDA:148,14,1,0
BRDA:150,15,0,0
BRDA:150,15,1,0
BRDA:151,16,0,0
BRDA:151,16,1,0
BRDA:156,17,0,0
BRDA:156,17,1,0
BRDA:166,18,0,0
BRDA:166,18,1,0
BRDA:183,19,0,0
BRDA:183,19,1,0
BRDA:192,20,0,0
BRDA:192,20,1,0
BRDA:198,21,0,0
BRDA:198,21,1,0
BRF:43
BRH:0
end_of_record
